[    00000] Linux version 4.15.0-47-generic (buildd@lgw01-amd64-001) (gcc version 7.3.0 (Ubuntu 7.3.0-16ubuntu3)) #50-Ubuntu SMP Wed Mar 13 10:44:52 UTC 2019 (Ubuntu 4.15.0-47.50-generic 4.15.18)
[    0.000000] Command line: BOOT_IMAGE=/boot/vmlinuz-4.15.0-47-generic root=LABEL=cloudimg-rootfs ro console=tty1 console=ttyS0
[    0.000000] KERNEL supported cpus:
[    0.000000]   Intel GenuineIntel
[    0.000000]   AD uthenticAMD
   0000000]   Centaur CentaurHauls
[    0.000000] x86/fpu: Supporting XSAVE feature 0x001: 'x87 floating point registers'
[    0.000000] x86/fpu: Supporting XSAVE feature 0x002: 'SSE registers'
[    0.000000] x86/fpu: Supporting XSAVE feature 0x004: 'AVX registers'
[   0.000000] x86/fpu: xstate_offset[2]:  576, xstate_sizes[2]:  256
[    0.000000] x8/fpu: Enabled xstate features 0x7, context size is 832 bytes, using 'standard' format.
[    0.000000] e820: BIOS-providedhysical RAM map:
[    0.000000] BIOS-e820: [mem 0x0000000000000000-0x000000000009fbff] usable
[    0.000000] BIOS-e820: [mem 0x000000000009fc00-0x000000000009ffff] rervd
[    00000] BIOS-e82 [em 0x00000000000f0000-0x00000000000fffff] reserved
[    0.000000] BIOS-e820: [mem 0x00000000100000-0x000000003ffeffff] sable
   0000000] BIOS-e820: [mem 0x000000003fff0000-0x000000003fffffff] ACPI data
[    0.000000] BIOS-e820: [mem 0x00000000fec00000-0x00000000fec00fff] reserved
[    0.000000] BIOS-e820: [mem 0x00000000fee00000-0x00000000fee00fff] reserved
[    0.000000] BIOS-e820: [mem 0x00000000fffc0000-0x00000000ffffffff] reserved
[   0.00000] NX (Execute Disable) protection: active
[    0.000000] SMBIOS 2.5 present.
[    0.000000] DMI: innotek GmbH VirtualBox/VirtualBox, BIOS VirtualBox 1/0/2006
[    0.000000] Hypervisor detected: KVM
[    0.000000] e820: last_pfn = 0x3fff0 max_arch_pfn = 0x400000000
[    0.000000] MTRR: Disabled
[    0.000000] x86/PAT: MTRRs disabled, skipping PAT initialization too.
[    0.000000] CPU MTRRs all blank - virtualized system.
[    0.000000] x86/PAT: Configuration [0-7]: WB  WT  UC- UC  WB  WT  UC- UC  
[    0.000000] found SMP MP-table at [mem 0x0009fff0-0x0009ffff] mapped at [        (ptrval][    0.000000] Scanning 1 areas for low memory corruption
[    0.000000] RAMDISK: [mem 0x35adf000-0x36d66fff]
[    0.000000] ACPI: Early table chesum verification disled
[    0.0000] ACPI: RSDP 0x00000000E000 0002 (v02 VBOX  
    0.0000] CPI: XSDT 0x0000003FFF0030 00003C (v01 VBOX   VBOXXSDT 00000001 ASL  00000061)
[    0.000000] ACPI: FACP 0x000000003FFF00F0 0000F4 (v04 VBOX   VBOXFACP 00000001 ASL  00000061)
[    0.000000] ACPI: DSDT 0x000000003FFF0470 0021FF (v02 VBOX   VBOXBIOS 00000002 INTL 20100528)
[    0.000000] ACPI: FACS 0x000000003FFF0200 000040
[    0.000000] ACPI: FACS 0x000000003FFF0200 000040
[    0.000000] ACPI: APIC 0x000000003FFF0240 00005C (v02 VBOX   VBOXAPIC 00000001 ASL  00000061)
[    0.000000] ACPI: SSDT 0x000000003FFF02A0 0001CC (v01 VBOX   VBOXCPUT 000000 INTL 20028)
[    0.000000] No NUMA configuration found
[    0.000000] Faking a node at [mem 0x0000000000000000-0x000000003ffefff]
[    0.000000] NOE_DATA(0) alloated [mem 03ffc500-x3feffff]
[    0.000000]kv-cock: cpu 0, msr 0:3ff44001, primary cpu clock
[    0.000000] kvm-clock: Using msrs 4b564d01 and 4b564d00
[    0.000000] kvm-clock: using sched offset of 4364236599 cycles
[    0.000000] clocksource: kvm-clock: msk: 0xfffffffffffff  maxyces: 0x1cd42edfb,max_ide_s:881590591483 ns
[    0.000000] Zone ranges:
[    0.000000]   DMA      [mem 0x0000000000001000-0x0000000000ffffff]
[    0.000000]   DMA32    em0x0000000001000-0x0000003feffff]
[   .00000]  Noma   empty
[    0.00000   Device   ept
    0.000000] Movable zone start for each node
[    0.000000] Early memory node ranges
[    0.000000]   node   0: [mem 0x0000000000001000-0x000000000009efff]
[    0.000000]   node   0: [mem 0x0000000000100000-0x0000000003ffeffff]
[    0.000000] Reserved but unavailable: 114 pages
[    0.000000] Initmem setup node 0 [mem 0x0000000000001000-0x000000003ffeffff]
[    0.000000] ACPI: PM-Timer IO Port: 0x4008
[    0.000000] IOAPIC[0]: apic_id 2, version 32, address 0xfec00000, GSI 0-2
[    0.000000] ACPI: INT_SRC_OVR (bus 0 bus_irq 0 global_irq 2 dfl dfl)
[    0.000000] ACPI: INTSRC_OVR (bus 0 bus_irq 9 global_irq 9 low level)
[    0.000000] Using ACPI (MADT for SMP configuration information
[    0.000000] smpboot: Allowing 2 CPUs, 0 hotplug CPUs
[    0.000000] PM: Registered nosave memory: [mem 0x00000000-0x00000fff]
[    0.000000] PM: Registered nosave memory: [mem 0x0009f000x0009ff]
[    0.00000] M:RRegiserd osave mmoy: [em 0x000a0000-0x000efff]
[    000000] PMRegistere nsae memory: [em 000f0000-0x00fff]
[    0.000] e820: [mem0x4000000-0feffff] avaiabe or PCI devic
    0.0000] Boting paravirtualized kernel on KVM
[    0.000000] clocksource: refined-jiffies: mask: 0xffffffff max_cycles: 0xffffffff, max_ile_ns: 7645519600211568 ns
[    0.000000] random: get_random_bytes called from start_kernel+0x99/0x4fd with crng_init=0
[    0.000000] setup_percpu: NR_CPUS:8192 nr_cpumask_bits:2 nr_cpu_ids:2 nr_node_ids:1
[    0.000000] percpu: Embedded 46 pages/cpu @        (ptrval) s151552 r8192 d28672 u1048576
[    0.000000] PV qspinlock hash table entries: 256 (order: 0, 4096 bytes)
[    0.000000] Built 1 zonelists, mobility grouping on.  Total pages: 257913
[    0.000000] Policy zone: DMA32
[    0.00000] Kernel command line: BOOT_IMAGE=/boot/vmlinuz-4.15.0-47-generic root=LABEL=cloudimg-rootfs ro console=tty1 console=ttyS0
[    0.000] Memry 93608K/1048120K available (12300K kernel code, 2473K rwdata, 4252K rodata, 2408K init, 2416K bss, 64512K reserved, 0K cma-reserved)
[    0.000000] SLUB: HWalign=64, Order=0-3, MinObjects=0, CPU=2 Ndess=1
[   .000000] Kernel/User page tables isolation: enabled
[    .00000 ftrace: aloating 39206 ntris n 154 pages
[    0.00000] Hiearhical RCU implementation.
[   0.0040] RCU resticing CPUs from R_PUS=192 to nr_cpu_ids=2.
[    .04000] 	Tasks CUenbled.
[    0.004000] RCU: Adjusting geometry for rcu_fanout_leaf=16, nr_cpu_ids=2
[    0.004000] NR_IRQS: 524544, nr_irqs: 440, preallocated irqs: 16
[    0.004000] Console: clourVGA+ 80x25
[    0.004000] console [tty1] enabled
[    0.004000] console [ttyS0] enabled
[    0.004000] ACPI: Core revision 20170831
[    0.004000] ACPI: 2 ACPI AML tables successfully acquired and loaded
[    0.004000] APIC: Switch to symmetric I/O mode setup
[    0.004000] x2apic enabled
[    0.004000] Switched APIC routing to physical x2aic.
[    0.005051] ..TIMER: vector=0x30 apic1=0 pin1=2 apic2=-1 pin2=-1
[    0.008007] tsc: Detected 1607.999 MHz processor
[    0.012013] Calibrating delay loop (skipped) preset value.. 3215.99 BogoMIPS (lpj=6431996)
[    0.016003] pid_max: default: 32768 minimum: 301
[    0.020047] Security Framework initialized
[    0.021736] Yama: becoming mindful.
[    0.024026] AppArmor: AppArmor initialized
[    0.032068] Dentry cache hash table entries: 131072 (order: 8, 1048576 bytes)
[    0.034619] Inode-cache hash table entries: 65536 (order: 7, 524288 bytes)
[    0.036029] Mount-cache hash table entries: 2048 (order: 2, 16384 bytes)
[    0.037873] Mountpoint-cache hash table entries: 2048 (order: 2, 16384 bytes)
[    0.040248] mce: CPU supports 0 MCE banks
[    0.042262] Last level iTLB entries: 4KB 64, 2MB 8, 4MB 8
[    0.044009] Last level dTLB entries: 4KB 64, 2MB 0, 4MB 0, 1GB 4
[    0.048010] Spectre V2 : Mitigation: Full generic retpoline
[    0.052006] Spectre V2 : Spectre v2 / SpectreRSB mitigation: Filling RSB on context switch
[    0.056006] Speculative Store Bypass: Vulnerable
[    0.060112] Freeing SMP alternatives memory: 36K
[    0.068000] smpboot: CPU0: Intel(R) Core(TM) i5-8210Y CPU @ 1.60GHz (family: 0x6, model: 0x8e, stepping: 0x9)
[    0.068088] Performance Events: unsupported p6 CPU model 142 no PMU driver, software events only.
[    0.072127] Hierarchical SRCU implementation.
[    0.076654] NMI watchdog: Perf event create on CPU 0 failed with -2
[    0.080003] NMI watchdog: Perf NMI watchdog permanently disabled
[    0.084056] smp: Bringing up secondary CPUs ...
[    0.088087] x86: Booting SMP configuration:
[    0.092003] .... node  #0, CPUs:      #1
[    0.004000] kvm-clock: cpu 1, msr 0:3ff44041, secondary cpu clock
[    0.004000] mce: CPU supports 0 MCE banks
[    0.102391] smp: Brought up 1 node, 2 CPUs
[    0.102391] smpboot: Max logical packages: 1
[    0.104006] smpboot: Total of 2 processors activated (6431.99 BogoMIPS)
[    0.106091] devtmpfs: initialized
[    0.108055] x86/mm: Memory block size: 128MB
[    0.109404] evm: security.selinux
[    0.110707] evm: security.SMACK64
[    0.112003] evm: security.SMACK64EXEC
[    0.116003] evm: security.SMACK64TRANSMUTE
[    0.118729] evm: security.SMACK64MMAP
[    0.120004] evm: security.apparmor
[    0.121102] evm: security.ima
[    0.121986] evm: security.capability
[    0.124116] clocksource: jiffies: mask: 0xffffffff max_cycles: 0xffffffff, max_idle_ns: 7645041785100000 ns
[    0.128023] futex hash table entries: 512 (order: 3, 32768 bytes)
[    0.132087] pinctrl core: initialized pinctrl subsystem
[    0.137784] RTC time:  2:07:32, date: 04/17/19
[    0.140227] NET: Registered protocol family 16
[    0.144085] audit: initializing netlink subsys (disabled)
[    0.148043] audit: type=2000 audit(1555466853.007:1): state=initialized audit_enabled=0 res=1
[    0.264012] cpuidle: using governor ladder
[    0.268012] cpuidle: using governor menu
[    0.272066] ACPI: bus type PCI registered
[    0.276004] acpiphp: ACPI Hot Plug PCI Controller Driver version: 0.5
[    0.278400] PCI: Using configuration type 1 for base access
[    0.280980] HugeTLB registered 2.00 MiB page size, pre-allocated 0 pages
[    0.284079] ACPI: Added _OSI(Module Device)
[    0.285620] ACPI: Added _OSI(Processor Device)
[    0.288004] ACPI: Added _OSI(3.0 _SCP Extensions)
[    0.292009] ACPI: Added _OSI(Processor Aggregator Device)
[    0.296010] ACPI: Added _OSI(Linux-Dell-Video)
[    0.300004] ACPI: Added _OSI(Linux-Lenovo-NV-HDMI-Audio)
[    0.304004] ACPI: Added _OSI(Linux-HPI-Hybrid-Graphics)
[    0.306399] ACPI: Executed 1 blocks of module-level executable AML code
[    0.315185] ACPI: Interpreter enabled
[    0.316018] ACPI: (supports S0 S5)
[    0.320004] ACPI: Using IOAPIC for interrupt routing
[    0.324239] PCI: Using host bridge windows from ACPI; if necessary, use "pci=nocrs" and report a bug
[    0.328262] ACPI: Enabled 2 GPEs in block 00 to 07
[    0.341755] ACPI: PCI Root Bridge [PCI0] (domain 0000 [bus 00-ff])
[    0.344009] acpi PNP0A03:00: _OSC: OS supports [ASPM ClockPM Segments MSI]
[    0.348032] acpi PNP0A03:00: _OSC: not requesting OS control; OS requires [ExtendedConfig ASPM ClockPM MSI]
[    0.352024] acpi PNP0A03:00: fail to add MMCONFIG information, can't access extended PCI configuration space under this bridge.
[    0.356799] PCI host bridge to bus 0000:00
[    0.360013] pci_bus 0000:00: root bus resource [io  0x0000-0x0cf7 window]
[    0.362831] pci_bus 0000:00: root bus resource [io  0x0d00-0xffff window]
[    0.364013] pci_bus 0000:00: root bus resource [mem 0x000a0000-0x000bffff window]
[    0.368006] pci_bus 0000:00: root bus resource [mem 0x40000000-0xfdffffff window]
[    0.372007] pci_bus 0000:00: root bus resource [bus 00-ff]
[    0.379324] pci 0000:00:01.1: legacy IDE quirk: reg 0x10: [io  0x01f0-0x01f7]
[    0.380008] pci 0000:00:01.1: legacy IDE quirk: reg 0x14: [io  0x03f6]
[    0.384040] pci 0000:00:01.1: legacy IDE quirk: reg 0x18: [io  0x0170-0x0177]
[    0.388007] pci 0000:00:01.1: legacy IDE quirk: reg 0x1c: [io  0x0376]
[    0.427026] pci 0000:00:07.0: quirk: [io  0x4000-0x403f] claimed by PIIX4 ACPI
[    0.432005] pci 0000:00:07.0: quirk: [io  0x4100-0x410f] claimed by PIIX4 SMB
[    0.454131] ACPI: PCI Interrupt Link [LNKA] (IRQs 5 9 10 *11)
[    0.456390] ACPI: PCI Interrupt Link [LNKB] (IRQs 5 9 *10 11)
[    0.460178] ACPI: PCI Interrupt Link [LNKC] (IRQs 5 *9 10 11)
[    0.464151] ACPI: PCI Interrupt Link [LNKD] (IRQs 5 9 10 *11)
[    0.468527] SCSI subsystem initialized
[    0.472068] pci 0000:00:02.0: vgaarb: setting as boot VGA device
[    0.476000] pci 0000:00:02.0: vgaarb: VGA device added: decodes=io+mem,owns=io+mem,locks=none
[    0.476012] pci 0000:00:02.0: vgaarb: bridge control possible
[    0.480011] vgaarb: loaded
[    0.481105] ACPI: bus type USB registered
[    0.484067] usbcore: registered new interface driver usbfs
[    0.488015] usbcore: registered new interface driver hub
[    0.492036] usbcore: registered new device driver usb
[    0.496109] EDAC MC: Ver: 3.0.0
[    0.500111] PCI: Using ACPI for IRQ routing
[    0.504467] NetLabel: Initializing
[    0.505859] NetLabel:  domain hash size = 128
[    0.508004] NetLabel:  protocols = UNLABELED CIPSOv4 CALIPSO
[    0.509722] NetLabel:  unlabeled traffic allowed by default
[    0.512104] clocksource: Switched to clocksource kvm-clock
[    0.5398] S:Dik uota duo_66.
    0.0440 VS:Dqot-cch hash abe entries: 512 (orer 0,406 yts)
[    1.177900] AppArmor: AppArmor Filesystem Enabled
[    1.1746 pp:Pn API init
[    1.334961] pnp: PnP ACPI: found 3 devices

[    1.349031] clocksource: acpi_pm: mask: 0xffffff max_cycles: 0xffffff, max_idle_ns: 2085701024 ns
[    1.352124] NET: Registered protocol family 2
[    1.356439] TCP established hash table entries: 8192 (order: 4, 65536 bytes)
[    1.363280] TCP bind hash table entries: 8192 (rder: 5, 131072 bytes)
[    1.414109] TCP: Hash tables configured (established 8192 bid 192)
   14701] UD hsh table etrie: 12(ode: , 634 yts)

[    1.889345]DPLie ash taleenris:51 (rdr:2,1684byes
   23237] ET: Registered protocol family 1
[    2.455510] pci 0000:00:00.0: Limiting direct PCI/PCI transfers
[    2.458039] pci 0000:00:01.0: Activating ISA DMA hang workarounds
[    2.460765] pci 0000:00:02.0: Video deve with shadowed ROM at [mem 0x000c0000-0x000dffff]
[    2.541636] Unpacking initramfs...

[    2.829340] Freeing initrd memory: 18976K
[    2.872762] platform rtc_cmos: registered platform RTC device (no PNP device found)
[    2.875040] Scanning for low memory corruption every 60 seconds
[    2.906414] Initialise system trusted keyrings
[    2.909333] Key type blacklist registered
[    2.910975] workingset: timestamp_bits=36 max_order=18 bucket_order=0
[    2.930410] zbud: loaded
[    2.931865] squashfs: version 4.0 (2009/01/31) Phillip Lougher
[    2.943953] fuse init (API version 7.26)
[    2.960135] Key type asymmetric registered
[    2.961359] Asymmetric key parser 'x509' registered
[    2.962810] Block layer SCSI generic (bsg) driver version 0.4 loaded (major 246)
[    2.974396] io scheduler noop registered
[    2.981567] io scheduler deadline registered
[    2.993357] io scheduler cfq registered (default)
[    2.995630] ACPI: AC Adapter [AC] (off-line)
[    3.003179] input: Power Button as /devices/LNXSYSTM:00/LNXPWRBN:00/input/input0
[    3.018536] ACPI: Power Button [PWRF]
[    3.020246] input: Sleep Button as /devices/LNXSYSTM:00/LNXSLPBN:00/input/input1
[    3.034079] ACPI: Sleep Button [SLPF]
[    3.037283] ACPI: Battery Slot [BAT0] (battery present)
[    3.102983Serial: 8250/16550 driver, 32 ports, IRQ sharing enabled

[   .1557]0002 ttyS0 at I/O 0x3f8 (irq = 4, base_baud = 115200) is a 16550A

[    3.345982] Linux agpgart interface v0.103
[    3.349306] loop: module loaded
[    3.367601] scsi host0: ata_piix
[    3.408470] scsi host1: ata_piix
[    3.415159] ata1: PATA max UDMA/33 cmd 0x1f0 ctl 0x3f6 bmdma 0xd000 irq 14
[    3.475487] ata2: PATA max UDMA/33 cmd 0x170 ctl 0x376 bmdma 0xd008 irq 15
[    4849] libphy: Fixed MDIO Bus: probed
[    3.576675] tun: Universal TUN/TAP device driver, 1.6

[    3.578420] PPP generic driver version 2.4.2
[    3.580048] ehci_hcd: USB 2.0 'Enhanced' Host Controller (EHCI) Driver
[    3.581871] ehci-pci: EHCI PCI platform driver
[    3.583198] ehci-platform: EHCI generic platform driver
[    3.584742] ohci_hcd: USB 1.1 'Open' Host Controller (OHCI) Driver
[    3.586440] ohci-pci: OHCI PCI platform driver
[    3.587858] ohci-platform: OHCI generic platform driver
[    3.589743] uhci_hcd: USB Universal Host Controller Interface driver
[    3.592246] i8042: PNP: PS/2 Controller [PNP0303:PS2K,PNP0f03:PS2M] at 0x60,0x64 irq 1,12
[    3.596273] serio: i8042 KBD port at 0x60,0x64 irq 1
[    3.601322] serio: i8042 AUX port at 0x60,0x64 irq 12
[    3.604929] mousedev: PS/2 mouse device common for all mice
[    3.611559] input: AT Translated Set 2 keyboard as /devices/platform/i8042/serio0/input/input2
[    3.612220] rtc_cmos rtc_cmos: rtc core: registered rtc_cmos as rtc0
[    3.612377] rtc_cmos rtc_cmos: alarms up to one day, 114 bytes nvram
[    3.612390] i2c /dev entries driver
[    3.612399] pcie_mp2_amd: AMD(R) PCI-E MP2 Communication Driver Version: 1.0
[    3.612558] device-mapper: uevent: version 1.0.3
[    3.612637] device-mapper: ioctl: 4.37.0-ioctl (2017-09-20) initialised: dm-devel@redhat.com
[    3.644816] ledtrig-cpu: registered to indicate activity on CPUs
[    3.650704] NET: Registered protocol family 10
[    3.661609] Segment Routing with IPv6
[    3.663516] NET: Registered protocol family 17
[    3.666067] Key type dns_resolver registered
[    3.670315] RAS: Correctable Errors collector initialized.
[    3.692711] sched_clock: Marking stable (3692661555, 0)->(9301158808, -5608497253)
[    3.700132] registered taskstats version 1
[    3.777449] Loading compiled-in X.509 certificates
[    3.781798] Loaded X.509 cert 'Build time autogenerated kernel key: 7211859d1298c08a101905a3cb814e8c7b4bf4a4'
[    3.792430] zswap: loaded using pool lzo/zbud
[    3.798234] Key type big_key registered
[    3.832813] Key type trusted registered
[    3.879432] Key type encrypted registered
[    3.902024] tsc: Refined TSC clocksource calibration: 1610.563 MHz
[    3.902032] clocksource: tsc: mask: 0xffffffffffffffff max_cycles: 0x17371f84470, max_idle_ns: 440795260379 ns
[    3.977289] AppArmor: AppArmor sha1 policy hashing enabled
[    4.022583] ima: No TPM chip found, activating TPM-bypass! (rc=-19)
[    4.082522] ima: Allocated hash algorithm: sha1
[    4.124870] evm: HMAC attrs: 0x1
[    4.163531]   Magic number: 15:537:106
[    4.202862] rtc_cmos rtc_cmos: setting system clock to 2019-04-17 02:07:37 UTC (1555466857)
[    4.281178] BIOS EDD facility v0.16 2004-Jun-25, 0 devices found
[    4.377581] EDD information not available.
[    4.381456] Freeing unused kernel memory: 2408K
[    4.468344] Write protecting the kernel read-only data: 20480k
[    4.567424] Freeing unused kernel memory: 2008K
[    4.619644] Freeing unused kernel memory: 1892K
[    4.667741] x86/mm: Checked W+X mappings: passed, no W+X pages found.
[    4.693992] x86/mm: Checking user space page tables
[    4.700707] x86/mm: Checked W+X mappings: passed, no W+X pages found.
Loading, please wait...
starting version 237
[    4.826906] e1000: Intel(R) PRO/1000 Network Driver - version 7.3.21-k8-NAPI
[    4.862824] e1000: Copyright (c) 1999-2006 Intel Corporation.
[    4.867851] Fusion MPT base driver 3.04.20
[    4.869142] Copyright (c) 1999-2008 LSI Corporation
[    4.891435] AVX2 version of gcm_enc/dec engaged.
[    4.893034] AES CTR mode by8 optimization enabled
[    4.898075] Fusion MPT SPI Host driver 3.04.20
[    5.113185] input: ImExPS/2 Generic Explorer Mouse as /devices/platform/i8042/serio1/input/input4
[    5.314652] e1000 0000:00:03.0 eth0: (PCI:33MHz:32-bit) 02:1e:30:9c:a3:c0
[    6.019285] e1000 0000:00:03.0 eth0: Intel(R) PRO/1000 Network Connection
[    6.045103] mptbase: ioc0: Initiating bringup
[    6.152963] ioc0: LSI53C1030 A0: Capabilities={Initiator}
[    8.029546] scsi host2: ioc0: LSI53C1030 A0, FwRev=00000000h, Ports=1, MaxQ=256, IRQ=20
[    8.294953] scsi 2:0:0:0: Direct-Access     VBOX     HARDDISK         1.0  PQ: 0 ANSI: 5
[    8.680720] scsi target2:0:0: Beginning Domain Validation
[    8.705369] scsi target2:0:0: Domain Validation skipping write tests
[    8.707741] scsi target2:0:0: Ending Domain Validation
[    8.709754] scsi target2:0:0: asynchronous
[    8.712088] scsi 2:0:1:0: Direct-Access     VBOX     HARDDISK         1.0  PQ: 0 ANSI: 5
[    8.716108] e1000 0000:00:08.0 eth1: (PCI:33MHz:32-bit) 08:00:27:94:1e:ba
[    8.733794] e1000 0000:00:08.0 eth1: Intel(R) PRO/1000 Network Connection
[    8.774524] e1000 0000:00:08.0 enp0s8: renamed from eth1
[    8.796414] scsi target2:0:1: Beginning Domain Validation
[    8.801806] e1000 0000:00:03.0 enp0s3: renamed from eth0
[    8.873691] random: fast init done
[    8.878580] random: systemd-udevd: uninitialized urandom read (16 bytes read)
[    8.883227] scsi target2:0:1: Domain Validation skipping write tests
[    8.937181] scsi target2:0:1: Ending Domain Validation
[    9.002886] scsi target2:0:1: asynchronous
[    9.115865] random: systemd-udevd: uninitialized urandom read (16 bytes read)
[    9.115893] sd 2:0:0:0: Attached scsi generic sg0 type 0
[    9.116010] sd 2:0:1:0: Attached scsi generic sg1 type 0
[    9.197481] random: systemd-udevd: uninitialized urandom read (16 bytes read)
[    9.201579] sd 2:0:1:0: [sdb] 20480 512-byte logical blocks: (10.5 MB/10.0 MiB)
[    9.201606] sd 2:0:0:0: [sda] 20971520 512-byte logical blocks: (10.7 GB/10.0 GiB)
[    9.213530] sd 2:0:0:0: [sda] Write Protect is off
[    9.213618] sd 2:0:1:0: [sdb] Write Protect is off
[    9.213825] sd 2:0:1:0: [sdb] Incomplete mode parameter data
[    9.213827] sd 2:0:1:0: [sdb] Assuming drive cache: write through
[    9.220412] sd 2:0:1:0: [sdb] Attached SCSI disk
[    9.225058] sd 2:0:0:0: [sda] Incomplete mode parameter data
[    9.226877] sd 2:0:0:0: [sda] Assuming drive cache: write through
[    9.232746]  sda: sda1
[    9.235709] sd 2:0:0:0: [sda] Attached SCSI disk
Begin: Loading essential drivers ... [   10.748239] raid6: sse2x1   gen() 10748 MB/s
[   10.848527] raid6: sse2x1   xor()  8109 MB/s
[   10.928361] raid6: sse2x2   gen() 13235 MB/s
[   10.996485] raid6: sse2x2   xor()  8669 MB/s
[   11.112182] raid6: sse2x4   gen() 15690 MB/s
[   11.204248] raid6: sse2x4   xor()  9848 MB/s
[   11.257164] raid6: avx2x1   gen() 20560 MB/s
[   11.368240] raid6: avx2x1   xor() 14494 MB/s
[   11.448785] raid6: avx2x2   gen() 26616 MB/s
[   11.512163] raid6: avx2x2   xor() 11704 MB/s
[   11.560111] raid6: avx2x4   gen() 10683 MB/s
[   11.611034] raid6: avx2x4   xor() 16934 MB/s
[   11.653176] raid6: using algorithm avx2x2 gen() 26616 MB/s
[   11.684189] raid6: .... xor() 11704 MB/s, rmw enabled
[   11.686485] raid6: using avx2x2 recovery algorithm
[   11.714067] xor: automatically using best checksumming function   avx       
[   11.731179] async_tx: api initialized (async)
done.
Begin: Running /scripts/init-premount ... done.
Begin: Mounting root file system ... Begin: Running /scripts/local-top ... done.
Begin: Running /scripts/local-premount ... [   11.790900] Btrfs loaded, crc32c=crc32c-intel
Scanning for Btrfs filesystems
done.
Warning: fsck no[   11.822936] EXT4-fs (sda1): INFO: recovery required on readonly filesystem
t present, so sk[   11.831320] EXT4-fs (sda1): write access will be enabled during recovery
ipping root file system
[   11.947232] EXT4-fs (sda1): recovery complete
[   11.960325] EXT4-fs (sda1): mounted filesystem with ordered data mode. Opts: (null)
done.
Begin: Running /scripts/local-bottom ... done.
Begin: Running /scripts/init-bottom ... done.
[   12.182700] ip_tables: (C) 2000-2006 Netfilter Core Team
[   12.198650] systemd[1]: systemd 237 running in system mode. (+PAM +AUDIT +SELINUX +IMA +APPARMOR +SMACK +SYSVINIT +UTMP +LIBCRYPTSETUP +GCRYPT +GNUTLS +ACL +XZ +LZ4 +SECCOMP +BLKID +ELFUTILS +KMOD -IDN2 +IDN -PCRE2 default-hierarchy=hybrid)
[   12.252938] systemd[1]: Detected virtualization oracle.
[   12.254570] systemd[1]: Detected architecture x86-64.

Welcome to [1mUbuntu 18.04.2 LTS[0m!

[   12.330829] systemd[1]: Set hostname to <ubuntu-bionic>.
[   12.775420] systemd[1]: Reached target System Time Synchronized.
[[0;32m  OK  [0m] Reached target System Time Synchronized.
[   12.781864] systemd[1]: Created slice System Slice.
[[0;32m  OK  [0m] Created slice System Slice.
[   12.836855] systemd[1]: Listening on LVM2 metadata daemon socket.
[[0;32m  OK  [0m] Listening on LVM2 metadata daemon socket.
[   12.909848] systemd[1]: Listening on udev Kernel Socket.
[[0;32m  OK  [0m] Listening on udev Kernel Socket.
[   12.969274] systemd[1]: Reached target User and Group Name Lookups.
[[0;32m  OK  [0m] Reached target User and Group Name Lookups.
[   13.121040] systemd[1]: Listening on Network Service Netlink Socket.
[[0;32m  OK  [0m] Listening on Network Service Netlink Socket.
[[0;32m  OK  [0m] Listening on Syslog Socket.
[[0;32m  OK  [0m] Set up automount Arbitrary Executab…rmats File System Automount Point.
[[0;32m  OK  [0m] Started Forward Password Requests to Wall Directory Watch.
[[0;32m  OK  [0m] Listening on Journal Audit Socket.
[[0;32m  OK  [0m] Listening on LVM2 poll daemon socket.
[[0;32m  OK  [0m] Created slice User and Session Slice.
[[0;32m  OK  [0m] Reached target Slices.
[[0;32m  OK  [0m] Listening on Device-mapper event daemon FIFOs.
[[0;32m  OK  [0m] Created slice system-serial\x2dgetty.slice.
[[0;32m  OK  [0m] Reached target Swap.
[[0;32m  OK  [0m] Listening on udev Control Socket.
[[0;32m  OK  [0m] Listening on /dev/initctl Compatibility Named Pipe.
[[0;32m  OK  [0m] Listening on Journal Socket.
         Mounting Huge Pages File System...
         Starting Uncomplicated firewall...
         Starting Remount[   13.726748] EXT4-fs (sda1): re-mounted. Opts: (null)
 Root and Kernel File Systems...
         Starting Monitoring of LVM2 mirrors…ng dmeventd or progress polling...
         Starting Set the console keyboard layout...
         Mounting Kernel Debug File System...
         Starting udev Coldplug all Devices...
         Mounting POSIX Message Queue File System...
         Starting Create list of required st…ce nodes for the current kernel...
         Starting Load Kernel Modules...
[[0;32m  OK  [0m] Listening on Journal Socket (/dev/log).
         Starting Journal Service...
[[0;32m  OK  [0m] Mounted Huge Pages File System.
[[0;32m  OK  [0m] Started Uncomplicated firewall.
[[0;32m  OK  [0m] Started Remount Root and Kernel File Systems.
[   13.908173] Loading iSCSI transport class v2.0-870.
[[0;32m  OK  [0m] Mounted Kernel Debug File System.
[[0;32m  OK  [0m] Mounted POSIX Message Queue File System.
[[0;32m  OK  [[   13.944668] iscsi: registered transport (tcp)
0m] Started Create list of required sta…vice nodes for the current kernel.
[[0;32m  OK  [0m] Started Journal Service.
[   13.994418] iscsi: registered transport (iser)
[[0;32m  OK  [0m] Started Set the console keyboard layout.
[[0;32m  OK  [0m] Started Load Kernel Modules.
[[0;32m  OK  [0m] Started udev Coldplug all Devices.
[[0;32m  OK  [0m] Started LVM2 metadata daemon.
         Mounting Kernel Configuration File System...
[   14.132050] random: crng init done
[   14.133628] random: 7 urandom warning(s) missed due to ratelimiting
         Starting Apply Kernel Variables...
         Mounting FUSE Control File System...
         Starting Create Static Device Nodes in /dev...
         Starting Initial cloud-init job (pre-networking)...
         Starting Load/Save Random Seed...
         Starting Flush Journal to Persistent Storage...
[[0;32m  OK  [0m] Started Monitoring of LVM2 mirrors,…sing dmeventd or progress polling.
[[0;32m  OK  [0m] Mounted Kernel Configuration File System.
[[0;32m  OK  [0m] Started Apply Kernel Variables.
[[0;32m  OK  [0m] Mounted FUSE Control File System.
[[0;32m  OK  [0m] Started Create Static Device Nodes in /dev.
[[0;32m  OK  [0m] Started Load/Save Random Seed.
         Starting udev Kernel Device Manager...
[[0;32m  OK  [0m] Reached target Local File Systems (Pre).
[[0;32m  OK  [0m] Reached target Local File Systems.
         Starting Tell Plymouth To Write Out Runtime Data...
         Starting ebtables ruleset management...
         Starting Set console font and keymap...
         Starting AppArmor initialization...
[[0;32m  OK  [0m] Started udev Kernel Device Manager.
[[0;32m  OK  [0m] Started Dispatch Password Requests to Console Directory Watch.
[[0;32m  OK  [0m] Reached target Local Encrypted Volumes.
[[0;32m  OK  [0m] Started Tell Plymouth To Write Out Runtime Data.
[[0;32m  OK  [0m] Started Set console font and keymap.
[[0;32m  OK  [0m] Found device /dev/ttyS0.
[[0;32m  OK  [0m] Started ebtables ruleset management.
[[0;32m  OK  [0m] Started Flush Journal to Persistent Storage.
         Starting Create Volatile Files and Directories...
[[0;32m  OK  [0m] Started Create Volatile Files and Directories.
         Starting Update UTMP about System Boot/Shutdown...
[[0;32m  OK  [0m] Listening on Load/Save RF Kill Switch Status /dev/rfkill Watch.
[[0;32m  OK  [0m] Started Update UTMP about System Boot/Shutdown.
[[0;32m  OK  [0m] Started AppArmor initialization.
[   16.351922] cloud-init[420]: Cloud-init v. 18.5-45-g3554ffe8-0ubuntu1~18.04.1 running 'init-local' at Wed, 17 Apr 2019 02:07:49 +0000. Up 16.06 seconds.
[[0;32m  OK  [0m] Started Initial cloud-init job (pre-networking).
[[0;32m  OK  [0m] Reached target Network (Pre).
         Starting Network Service...
[[0;32m  OK  [0m] Started Network Service.
         Starting Wait for Network to be Configured...
         Starting Network Name Resolution...
[[0;32m  OK  [0m] Started Network Name Resolution.
[[0;32m  OK  [0m] Reached target Network.
[[0;32m  OK  [0m] Reached target Host and Network Name Lookups.
[[0;32m  OK  [0m] Started Wait for Network to be Configured.
         Starting Initial cloud-init job (metadata service crawler)...
[   18.452160] cloud-init[656]: Cloud-init v. 18.5-45-g3554ffe8-0ubuntu1~18.04.1 running 'init' at Wed, 17 Apr 2019 02:07:51 +0000. Up 18.24 seconds.
[   18.500441] cloud-init[656]: ci-info: ++++++++++++++++++++++++++++++++++++++Net device info+++++++++++++++++++++++++++++++++++++++
[   18.538921] cloud-init[656]: ci-info: +--------+------+-----------------------------+---------------+--------+-------------------+
[   18.554425] cloud-init[656]: ci-info: | Device |  Up  |           Address           |      Mask     | Scope  |     Hw-Address    |
[   18.558575] cloud-init[656]: ci-info: +--------+------+-----------------------------+---------------+--------+-------------------+
[   18.563877] cloud-init[656]: ci-info: | enp0s3 | True |          10.0.2.15          | 255.255.255.0 | global | 02:1e:30:9c:a3:c0 |
[   18.592344] cloud-init[656]: ci-info: | enp0s3 | True |  fe80::1e:30ff:fe9c:a3c0/64 |       .       |  link  | 02:1e:30:9c:a3:c0 |
[   18.623973] cloud-init[656]: ci-info: | enp0s8 | True |        192.168.33.10        | 255.255.255.0 | global | 08:00:27:94:1e:ba |
[   18.640716] cloud-init[656]: ci-info: | enp0s8 | True | fe80::a00:27ff:fe94:1eba/64 |       .       |  link  | 08:00:27:94:1e:ba |
[   18.656878] cloud-init[656]: ci-info: |   lo   | True |          127.0.0.1          |   255.0.0.0   |  host  |         .         |
[   18.662240] cloud-init[656]: ci-info: |   lo   | True |           ::1/128           |       .       |  host  |         .         |
[   18.667020] cloud-init[656]: ci-info: +--------+------+-----------------------------+---------------+--------+-------------------+
[   18.671696] cloud-init[656]: ci-info: +++++++++++++++++++++++++++++Route IPv4 info+++++++++++++++++++++++++++++
[   18.681460] cloud-init[656]: ci-info: +-------+--------------+----------+-----------------+-----------+-------+
[   18.685952] cloud-init[656]: ci-info: | Route | Destination  | Gateway  |     Genmask     | Interface | Flags |
[   18.689304] cloud-init[656]: ci-info: +-------+--------------+----------+-----------------+-----------+-------+
[   18.692596] cloud-init[656]: ci-info: |   0   |   0.0.0.0    | 10.0.2.2 |     0.0.0.0     |   enp0s3  |   UG  |
[   18.695796] cloud-init[656]: ci-info: |   1   |   10.0.2.0   | 0.0.0.0  |  255.255.255.0  |   enp0s3  |   U   |
[   18.699304] cloud-init[656]: ci-info: |   2   |   10.0.2.2   | 0.0.0.0  | 255.255.255.255 |   enp0s3  |   UH  |
[   18.702579] cloud-init[656]: ci-info: |   3   | 192.168.33.0 | 0.0.0.0  |  255.255.255.0  |   enp0s8  |   U   |
[   18.705855] cloud-init[656]: ci-info: +-------+--------------+----------+-----------------+-----------+-------+
[   18.709362] cloud-init[656]: ci-info: +++++++++++++++++++Route IPv6 info+++++++++++++++++++
[   18.712223] cloud-init[656]: ci-info: +-------+-------------+---------+-----------+-------+
[   18.791291] cloud-init[656]: ci-info: | Route | Destination | Gateway | Interface | Flags |
[   18.814696] cloud-init[656]: ci-info: +-------+-------------+---------+-----------+-------+
[[0;32m  OK  [0m] Started Initial cloud-init job (metadata service crawler).
[   18.868467] [[0;32m  OK  [0m] Reached target Network is Online.
cloud-init[656]: ci-info: |   1   |  fe80::/64  |    ::   |   enp0s3  |   U   |
         Starting Availability of block devices...
[[0;32m  OK  [0m] Reached target Remote File Systems (Pre).
[[0;32m  OK  [0m] Reached target Remote File Systems.
[[0;32m  OK  [0m] Reached target Cloud-config availability.
[[0;32m  OK  [0m] Reached target System Initialization.
[[0;32m  OK  [0m] Started Daily Cleanup of Temporary Directories.
[[0;32m  OK  [0m] Listening on D-Bus System Message Bus Socket.
         Starting LXD - unix socket.
[[0;32m  OK  [0m] Started ACPI Events Check.
[[0;32m  OK  [0m] Reached target Paths.
[[0;32m  OK  [0m] Listening on Open-iSCSI iscsid Socket.
[[0;32m  OK  [0m] Started Message of the Day.
[[0;32m  OK  [0m] Listening on ACPID Listen Socket.
         Starting Socket activation for snappy daemon.
[[0;32m  OK  [0m] Started Daily apt download activities.
[[0;32m  OK  [0m] Listening on UUID daemon activation socket.
[[0;32m  OK  [0m] Started Discard unused blocks once a week.
[[0;32m  OK  [0m] Started Daily apt upgrade and clean activities.
[[0;32m  OK  [0m] Reached target Timers.
[[0;32m  OK  [0m] Started Availability of block devices.
[   18.878651] cloud-init[656]: ci-info: |   2   |  fe80::/64  |    ::   |   enp0s8  |   U   |
[   19.281726] [[0;32m  OK  [0m] Listening on LXD - unix socket.
[[0;32m  OK  [0m] Listening on Socket activation for snappy daemon.
[[0;32m  OK  [0m] Reached target Sockets.
[[0;32m  OK  [0m] Reached target Basic System.
cloud-init[656]: ci-info: |   4   |    local    |    ::   |   enp0s3  |   U   |
         Starting Snappy daemon...
[   19.349458] cloud-init[656]:          Starting LXD - container startup/shutdown...
[[0;32m  OK  [0m] Started D-Bus System Message Bus.
ci-info: |   5   |    local    |    ::   |   enp0s8  |   U   |
[   19.366621] cloud-init[656]: ci-info: |   6   |   ff00::/8  |    ::   |   enp0s3  |   U   |
[   19.390789] cloud-init[656]: ci-info: |   7   |   ff00::/8  |    ::   |   enp0s8  |   U   |
[   19.412510] cloud-init[656]: ci-info: +-------+-------------+---------+-----------+-------+
         Starting LSB: Record successful boot for GRUB...
         Starting Virtualbox guest utils...
         Starting System Logging Service...
         Starting Login Service...
         Starting Dispatcher daemon for systemd-networkd...
[[0;32m  OK  [0m] Started Deferred execution scheduler.
[[0;32m  OK  [0m] Started FUSE filesystem for LXC.
         Starting LSB: automatic crash report generation...
         Starting Accounts Service...
         Starting OpenBSD Secure Shell server...
[[0;32m  OK  [0m] Started irqbalance daemon.
[[0;32m  OK  [0m] Started Regular background program processing daemon.
         Starting Permit User Sessions...
[[0;32m  OK  [0m] Started System Logging Service.
[[0;32m  OK  [0m] Started Snappy daemon.
[[0;32m  OK  [0m] Started Login Service.
[[0;32m  OK  [0m] Started Unattended Upgrades Shutdown.
         Starting Wait until snapd is fully seeded...
[[0;32m  OK  [0m] Started Permit User Sessions.
         Starting Terminate Plymouth Boot Screen...
         Starting Hold until boot process finishes up...
         Starting Authorization Manager...
[[0;32m  OK  [0m] Started Hold until boot process finishes up.
         Starting Set console scheme...
[[0;32m  OK  [0m] Started Serial Getty on ttyS0.
[[0;32m  OK  [0m] Started Terminate Plymouth Boot Screen.
[[0;32m  OK  [0m] Started OpenBSD Secure Shell server.
[[0;32m  OK  [0m] Started LXD - container startup/shutdown.
[[0;32m  OK  [0m] Started Wait until snapd is fully seeded.
         Starting Apply the settings specified in cloud-config...
[[0;32m  OK  [0m] Started Set console scheme.
[[0;32m  OK  [0m] Created slice system-getty.slice.
[[0;32m  OK  [0m] Started Getty on tty1.
[[0;32m  OK  [0m] Reached target Login Prompts.
[[0;32m  OK  [0m] Started LSB: automatic crash report generation.
[[0;32m  OK  [0m] Started Authorization Manager.
[[0;32m  OK  [0m] Started Accounts Service.
[[0;32m  OK  [0m] Started LSB: Record successful boot for GRUB.
[[0;32m  OK  [0m] Started Virtualbox guest utils.
[[0;32m  OK  [0m] Started Dispatcher daemon for systemd-networkd.
[[0;32m  OK  [0m] Reached target Multi-User System.
[[0;32m  OK  [0m] Reached target Graphical Interface.
         Starting Update UTMP about System Runlevel Changes...
[[0;32m  OK  [0m] Started Update UTMP about System Runlevel Changes.
[   20.832312] cloud-init[988]: Cloud-init v. 18.5-45-g3554ffe8-0ubuntu1~18.04.1 running 'modules:config' at Wed, 17 Apr 2019 02:07:53 +0000. Up 20.67 seconds.
[[0;32m  OK  [0m] Started Apply the settings specified in cloud-config.
         Starting Execute cloud user/final scripts...
[[0;32m  OK  [0m] Created slice User Slice of vagrant.
         Starting User Manager for UID 1000...
[[0;32m  OK  [0m] Started Session 1 of user vagrant.
[[0;32m  OK  [0m] Started User Manager for UID 1000.
[   21.642943] cloud-init[1078]: Cloud-init v. 18.5-45-g3554ffe8-0ubuntu1~18.04.1 running 'modules:final' at Wed, 17 Apr 2019 02:07:54 +0000. Up 21.51 seconds.
[   21.690433] cloud-init[1078]: Cloud-init v. 18.5-45-g3554ffe8-0ubuntu1~18.04.1 finished at Wed, 17 Apr 2019 02:07:54 +0000. Datasource DataSourceNoCloud [seed=/dev/sdb][dsmode=net].  Up 21.63 seconds
[[0;32m  OK  [0m] Started Execute cloud user/final scripts.
[[0;32m  OK  [0m] Reached target Cloud-init target.

Ubuntu 18.04.2 LTS ubuntu-bionic ttyS0

ubuntu-bionic login: 